0 info it worked if it ends with ok
1 verbose cli [ 'C:\\Program Files\\nodejs\\node.exe',
1 verbose cli   'C:\\Program Files\\nodejs\\node_modules\\npm\\bin\\npm-cli.js',
1 verbose cli   'install',
1 verbose cli   'ccap' ]
2 info using npm@3.3.6
3 info using node@v5.0.0
4 silly loadCurrentTree Starting
5 silly install loadCurrentTree
6 silly install readLocalPackageData
7 silly fetchPackageMetaData ccap
8 silly fetchNamedPackageData ccap
9 silly mapToRegistry name ccap
10 silly mapToRegistry using default registry
11 silly mapToRegistry registry https://registry.npmjs.org/
12 silly mapToRegistry uri https://registry.npmjs.org/ccap
13 verbose request uri https://registry.npmjs.org/ccap
14 verbose request no auth needed
15 info attempt registry request try #1 at 18:10:48
16 verbose request id c8b812e02c2bec85
17 verbose etag "CL2CKC0LHBWBBQXIW3OC5KSUQ"
18 http request GET https://registry.npmjs.org/ccap
19 http 304 https://registry.npmjs.org/ccap
20 verbose headers { date: 'Thu, 03 Dec 2015 10:11:01 GMT',
20 verbose headers   via: '1.1 varnish',
20 verbose headers   'cache-control': 'max-age=60',
20 verbose headers   etag: '"CL2CKC0LHBWBBQXIW3OC5KSUQ"',
20 verbose headers   age: '0',
20 verbose headers   connection: 'keep-alive',
20 verbose headers   'x-served-by': 'cache-itm7421-ITM',
20 verbose headers   'x-cache': 'MISS',
20 verbose headers   'x-cache-hits': '0',
20 verbose headers   'x-timer': 'S1449137461.483043,VS0,VE764',
20 verbose headers   vary: 'Accept' }
21 silly get cb [ 304,
21 silly get   { date: 'Thu, 03 Dec 2015 10:11:01 GMT',
21 silly get     via: '1.1 varnish',
21 silly get     'cache-control': 'max-age=60',
21 silly get     etag: '"CL2CKC0LHBWBBQXIW3OC5KSUQ"',
21 silly get     age: '0',
21 silly get     connection: 'keep-alive',
21 silly get     'x-served-by': 'cache-itm7421-ITM',
21 silly get     'x-cache': 'MISS',
21 silly get     'x-cache-hits': '0',
21 silly get     'x-timer': 'S1449137461.483043,VS0,VE764',
21 silly get     vary: 'Accept' } ]
22 verbose etag https://registry.npmjs.org/ccap from cache
23 verbose get saving ccap to C:\Users\wilsonreis\AppData\Roaming\npm-cache\registry.npmjs.org\ccap\.cache.json
24 silly install normalizeTree
25 silly loadCurrentTree Finishing
26 silly loadIdealTree Starting
27 silly install loadIdealTree
28 silly cloneCurrentTree Starting
29 silly install cloneCurrentTreeToIdealTree
30 silly cloneCurrentTree Finishing
31 silly loadShrinkwrap Starting
32 silly install loadShrinkwrap
33 silly loadShrinkwrap Finishing
34 silly loadAllDepsIntoIdealTree Starting
35 silly install loadAllDepsIntoIdealTree
36 silly resolveWithNewModule ccap@0.6.4 checking installable status
37 silly cache add args [ 'ccap', null ]
38 verbose cache add spec ccap
39 silly cache add parsed spec Result {
39 silly cache add   raw: 'ccap',
39 silly cache add   scope: null,
39 silly cache add   name: 'ccap',
39 silly cache add   rawSpec: '',
39 silly cache add   spec: '*',
39 silly cache add   type: 'range' }
40 silly addNamed ccap@*
41 verbose addNamed "*" is a valid semver range for ccap
42 silly addNameRange { name: 'ccap', range: '*', hasData: false }
43 silly mapToRegistry name ccap
44 silly mapToRegistry using default registry
45 silly mapToRegistry registry https://registry.npmjs.org/
46 silly mapToRegistry uri https://registry.npmjs.org/ccap
47 verbose addNameRange registry:https://registry.npmjs.org/ccap not in flight; fetching
48 verbose get https://registry.npmjs.org/ccap not expired, no request
49 silly addNameRange number 2 { name: 'ccap', range: '*', hasData: true }
50 silly addNameRange versions [ 'ccap',
50 silly addNameRange   [ '0.1.0',
50 silly addNameRange     '0.1.1',
50 silly addNameRange     '0.1.2',
50 silly addNameRange     '0.1.3',
50 silly addNameRange     '0.1.4',
50 silly addNameRange     '0.1.5',
50 silly addNameRange     '0.1.6',
50 silly addNameRange     '0.1.7',
50 silly addNameRange     '0.1.8',
50 silly addNameRange     '0.1.9',
50 silly addNameRange     '0.1.10',
50 silly addNameRange     '0.1.11',
50 silly addNameRange     '0.1.12',
50 silly addNameRange     '0.2.0',
50 silly addNameRange     '0.2.1',
50 silly addNameRange     '0.2.2',
50 silly addNameRange     '0.2.3',
50 silly addNameRange     '0.2.4',
50 silly addNameRange     '0.3.0',
50 silly addNameRange     '0.3.1',
50 silly addNameRange     '0.3.2',
50 silly addNameRange     '0.3.3',
50 silly addNameRange     '0.3.4',
50 silly addNameRange     '0.3.6',
50 silly addNameRange     '0.3.7',
50 silly addNameRange     '0.3.8',
50 silly addNameRange     '0.4.0',
50 silly addNameRange     '0.4.1',
50 silly addNameRange     '0.4.3',
50 silly addNameRange     '0.4.4',
50 silly addNameRange     '0.5.0',
50 silly addNameRange     '0.5.1',
50 silly addNameRange     '0.5.2',
50 silly addNameRange     '0.5.3',
50 silly addNameRange     '0.6.0',
50 silly addNameRange     '0.6.1',
50 silly addNameRange     '0.6.3',
50 silly addNameRange     '0.6.4' ] ]
51 silly addNamed ccap@0.6.4
52 verbose addNamed "0.6.4" is a plain semver version for ccap
53 silly cache afterAdd ccap@0.6.4
54 verbose afterAdd C:\Users\wilsonreis\AppData\Roaming\npm-cache\ccap\0.6.4\package\package.json not in flight; writing
55 verbose afterAdd C:\Users\wilsonreis\AppData\Roaming\npm-cache\ccap\0.6.4\package\package.json written
56 silly fetchNamedPackageData async
57 silly mapToRegistry name async
58 silly mapToRegistry using default registry
59 silly mapToRegistry registry https://registry.npmjs.org/
60 silly mapToRegistry uri https://registry.npmjs.org/async
61 silly fetchNamedPackageData node-schedule
62 silly mapToRegistry name node-schedule
63 silly mapToRegistry using default registry
64 silly mapToRegistry registry https://registry.npmjs.org/
65 silly mapToRegistry uri https://registry.npmjs.org/node-schedule
66 silly fetchNamedPackageData nan
67 silly mapToRegistry name nan
68 silly mapToRegistry using default registry
69 silly mapToRegistry registry https://registry.npmjs.org/
70 silly mapToRegistry uri https://registry.npmjs.org/nan
71 verbose request uri https://registry.npmjs.org/node-schedule
72 verbose request no auth needed
73 info attempt registry request try #1 at 18:10:51
74 verbose etag "3BZF6JENERTXOAIZ0XXVF6SAI"
75 http request GET https://registry.npmjs.org/node-schedule
76 verbose request uri https://registry.npmjs.org/nan
77 verbose request no auth needed
78 info attempt registry request try #1 at 18:10:51
79 verbose etag "7CEDVJA24M9BXRU7SU6WRSW4M"
80 http request GET https://registry.npmjs.org/nan
81 verbose request uri https://registry.npmjs.org/async
82 verbose request no auth needed
83 info attempt registry request try #1 at 18:10:51
84 verbose etag "4XCMOBG7U0EMAW9QZYGRHBIK5"
85 http request GET https://registry.npmjs.org/async
86 http 304 https://registry.npmjs.org/nan
87 verbose headers { date: 'Thu, 03 Dec 2015 10:11:03 GMT',
87 verbose headers   via: '1.1 varnish',
87 verbose headers   'cache-control': 'max-age=60',
87 verbose headers   etag: '"7CEDVJA24M9BXRU7SU6WRSW4M"',
87 verbose headers   age: '35',
87 verbose headers   connection: 'keep-alive',
87 verbose headers   'x-served-by': 'cache-itm7422-ITM',
87 verbose headers   'x-cache': 'HIT',
87 verbose headers   'x-cache-hits': '2',
87 verbose headers   'x-timer': 'S1449137463.485818,VS0,VE0',
87 verbose headers   vary: 'Accept' }
88 silly get cb [ 304,
88 silly get   { date: 'Thu, 03 Dec 2015 10:11:03 GMT',
88 silly get     via: '1.1 varnish',
88 silly get     'cache-control': 'max-age=60',
88 silly get     etag: '"7CEDVJA24M9BXRU7SU6WRSW4M"',
88 silly get     age: '35',
88 silly get     connection: 'keep-alive',
88 silly get     'x-served-by': 'cache-itm7422-ITM',
88 silly get     'x-cache': 'HIT',
88 silly get     'x-cache-hits': '2',
88 silly get     'x-timer': 'S1449137463.485818,VS0,VE0',
88 silly get     vary: 'Accept' } ]
89 verbose etag https://registry.npmjs.org/nan from cache
90 verbose get saving nan to C:\Users\wilsonreis\AppData\Roaming\npm-cache\registry.npmjs.org\nan\.cache.json
91 silly resolveWithNewModule nan@1.7.0 checking installable status
92 silly cache add args [ 'nan@1.7.0', null ]
93 verbose cache add spec nan@1.7.0
94 silly cache add parsed spec Result {
94 silly cache add   raw: 'nan@1.7.0',
94 silly cache add   scope: null,
94 silly cache add   name: 'nan',
94 silly cache add   rawSpec: '1.7.0',
94 silly cache add   spec: '1.7.0',
94 silly cache add   type: 'version' }
95 silly addNamed nan@1.7.0
96 verbose addNamed "1.7.0" is a plain semver version for nan
97 silly mapToRegistry name nan
98 silly mapToRegistry using default registry
99 silly mapToRegistry registry https://registry.npmjs.org/
100 silly mapToRegistry uri https://registry.npmjs.org/nan
101 verbose addNameVersion registry:https://registry.npmjs.org/nan not in flight; fetching
102 verbose get https://registry.npmjs.org/nan not expired, no request
103 silly cache afterAdd nan@1.7.0
104 verbose afterAdd C:\Users\wilsonreis\AppData\Roaming\npm-cache\nan\1.7.0\package\package.json not in flight; writing
105 http 304 https://registry.npmjs.org/async
106 verbose headers { date: 'Thu, 03 Dec 2015 10:11:03 GMT',
106 verbose headers   via: '1.1 varnish',
106 verbose headers   'cache-control': 'max-age=60',
106 verbose headers   etag: '"4XCMOBG7U0EMAW9QZYGRHBIK5"',
106 verbose headers   age: '12',
106 verbose headers   connection: 'keep-alive',
106 verbose headers   'x-served-by': 'cache-itm7420-ITM',
106 verbose headers   'x-cache': 'HIT',
106 verbose headers   'x-cache-hits': '2',
106 verbose headers   'x-timer': 'S1449137463.544552,VS0,VE0',
106 verbose headers   vary: 'Accept' }
107 silly get cb [ 304,
107 silly get   { date: 'Thu, 03 Dec 2015 10:11:03 GMT',
107 silly get     via: '1.1 varnish',
107 silly get     'cache-control': 'max-age=60',
107 silly get     etag: '"4XCMOBG7U0EMAW9QZYGRHBIK5"',
107 silly get     age: '12',
107 silly get     connection: 'keep-alive',
107 silly get     'x-served-by': 'cache-itm7420-ITM',
107 silly get     'x-cache': 'HIT',
107 silly get     'x-cache-hits': '2',
107 silly get     'x-timer': 'S1449137463.544552,VS0,VE0',
107 silly get     vary: 'Accept' } ]
108 verbose etag https://registry.npmjs.org/async from cache
109 verbose get saving async to C:\Users\wilsonreis\AppData\Roaming\npm-cache\registry.npmjs.org\async\.cache.json
110 verbose afterAdd C:\Users\wilsonreis\AppData\Roaming\npm-cache\nan\1.7.0\package\package.json written
111 silly resolveWithNewModule async@1.4.2 checking installable status
112 silly cache add args [ 'async@1.4.2', null ]
113 verbose cache add spec async@1.4.2
114 silly cache add parsed spec Result {
114 silly cache add   raw: 'async@1.4.2',
114 silly cache add   scope: null,
114 silly cache add   name: 'async',
114 silly cache add   rawSpec: '1.4.2',
114 silly cache add   spec: '1.4.2',
114 silly cache add   type: 'version' }
115 silly addNamed async@1.4.2
116 verbose addNamed "1.4.2" is a plain semver version for async
117 silly mapToRegistry name async
118 silly mapToRegistry using default registry
119 silly mapToRegistry registry https://registry.npmjs.org/
120 silly mapToRegistry uri https://registry.npmjs.org/async
121 verbose addNameVersion registry:https://registry.npmjs.org/async not in flight; fetching
122 verbose get https://registry.npmjs.org/async not expired, no request
123 silly cache afterAdd async@1.4.2
124 verbose afterAdd C:\Users\wilsonreis\AppData\Roaming\npm-cache\async\1.4.2\package\package.json not in flight; writing
125 verbose afterAdd C:\Users\wilsonreis\AppData\Roaming\npm-cache\async\1.4.2\package\package.json written
126 http 304 https://registry.npmjs.org/node-schedule
127 verbose headers { date: 'Thu, 03 Dec 2015 10:11:03 GMT',
127 verbose headers   via: '1.1 varnish',
127 verbose headers   'cache-control': 'max-age=60',
127 verbose headers   etag: '"3BZF6JENERTXOAIZ0XXVF6SAI"',
127 verbose headers   age: '0',
127 verbose headers   connection: 'keep-alive',
127 verbose headers   'x-served-by': 'cache-itm7421-ITM',
127 verbose headers   'x-cache': 'HIT',
127 verbose headers   'x-cache-hits': '1',
127 verbose headers   'x-timer': 'S1449137463.432783,VS0,VE801',
127 verbose headers   vary: 'Accept' }
128 silly get cb [ 304,
128 silly get   { date: 'Thu, 03 Dec 2015 10:11:03 GMT',
128 silly get     via: '1.1 varnish',
128 silly get     'cache-control': 'max-age=60',
128 silly get     etag: '"3BZF6JENERTXOAIZ0XXVF6SAI"',
128 silly get     age: '0',
128 silly get     connection: 'keep-alive',
128 silly get     'x-served-by': 'cache-itm7421-ITM',
128 silly get     'x-cache': 'HIT',
128 silly get     'x-cache-hits': '1',
128 silly get     'x-timer': 'S1449137463.432783,VS0,VE801',
128 silly get     vary: 'Accept' } ]
129 verbose etag https://registry.npmjs.org/node-schedule from cache
130 verbose get saving node-schedule to C:\Users\wilsonreis\AppData\Roaming\npm-cache\registry.npmjs.org\node-schedule\.cache.json
131 silly resolveWithNewModule node-schedule@0.1.13 checking installable status
132 silly cache add args [ 'node-schedule@0.1.13', null ]
133 verbose cache add spec node-schedule@0.1.13
134 silly cache add parsed spec Result {
134 silly cache add   raw: 'node-schedule@0.1.13',
134 silly cache add   scope: null,
134 silly cache add   name: 'node-schedule',
134 silly cache add   rawSpec: '0.1.13',
134 silly cache add   spec: '0.1.13',
134 silly cache add   type: 'version' }
135 silly addNamed node-schedule@0.1.13
136 verbose addNamed "0.1.13" is a plain semver version for node-schedule
137 silly mapToRegistry name node-schedule
138 silly mapToRegistry using default registry
139 silly mapToRegistry registry https://registry.npmjs.org/
140 silly mapToRegistry uri https://registry.npmjs.org/node-schedule
141 verbose addNameVersion registry:https://registry.npmjs.org/node-schedule not in flight; fetching
142 verbose get https://registry.npmjs.org/node-schedule not expired, no request
143 silly cache afterAdd node-schedule@0.1.13
144 verbose afterAdd C:\Users\wilsonreis\AppData\Roaming\npm-cache\node-schedule\0.1.13\package\package.json not in flight; writing
145 verbose afterAdd C:\Users\wilsonreis\AppData\Roaming\npm-cache\node-schedule\0.1.13\package\package.json written
146 silly loadAllDepsIntoIdealTree Finishing
147 silly idealTree:prePrune jdsm-ui-tab@0.0.1
147 silly idealTree:prePrune ├── accepts@1.2.13
147 silly idealTree:prePrune ├── array-flatten@1.1.1
147 silly idealTree:prePrune ├── async@0.9.0
147 silly idealTree:prePrune ├── basic-auth@1.0.3
147 silly idealTree:prePrune ├── bluebird@2.9.26
147 silly idealTree:prePrune ├── body-parser@1.14.1
147 silly idealTree:prePrune ├── bson@0.4.19
147 silly idealTree:prePrune ├── bytes@2.1.0
147 silly idealTree:prePrune ├─┬ ccap@0.6.4
147 silly idealTree:prePrune │ └── async@1.4.2
147 silly idealTree:prePrune ├── content-disposition@0.5.0
147 silly idealTree:prePrune ├── content-type@1.0.1
147 silly idealTree:prePrune ├── cookie-signature@1.0.6
147 silly idealTree:prePrune ├── cookie@0.1.3
147 silly idealTree:prePrune ├── core-util-is@1.0.1
147 silly idealTree:prePrune ├── debug@2.2.0
147 silly idealTree:prePrune ├── depd@1.1.0
147 silly idealTree:prePrune ├── destroy@1.0.3
147 silly idealTree:prePrune ├── ee-first@1.1.1
147 silly idealTree:prePrune ├── es6-promise@2.1.1
147 silly idealTree:prePrune ├── escape-html@1.0.2
147 silly idealTree:prePrune ├── etag@1.7.0
147 silly idealTree:prePrune ├─┬ express@4.13.3
147 silly idealTree:prePrune │ ├── depd@1.0.1
147 silly idealTree:prePrune │ └── qs@4.0.0
147 silly idealTree:prePrune ├── fd-slicer@1.0.1
147 silly idealTree:prePrune ├── finalhandler@0.4.0
147 silly idealTree:prePrune ├── formidable@1.0.17
147 silly idealTree:prePrune ├── forwarded@0.1.0
147 silly idealTree:prePrune ├── fresh@0.3.0
147 silly idealTree:prePrune ├── hooks-fixed@1.1.0
147 silly idealTree:prePrune ├── http-errors@1.3.1
147 silly idealTree:prePrune ├── iconv-lite@0.4.12
147 silly idealTree:prePrune ├── inherits@2.0.1
147 silly idealTree:prePrune ├── ipaddr.js@1.0.1
147 silly idealTree:prePrune ├── isarray@0.0.1
147 silly idealTree:prePrune ├── kareem@1.0.1
147 silly idealTree:prePrune ├── media-typer@0.3.0
147 silly idealTree:prePrune ├── merge-descriptors@1.0.0
147 silly idealTree:prePrune ├── methods@1.1.1
147 silly idealTree:prePrune ├── mime-db@1.19.0
147 silly idealTree:prePrune ├── mime-types@2.1.7
147 silly idealTree:prePrune ├── mime@1.3.4
147 silly idealTree:prePrune ├── mongodb-core@1.2.21
147 silly idealTree:prePrune ├── mongodb@2.0.48
147 silly idealTree:prePrune ├── mongoose-types@1.0.3
147 silly idealTree:prePrune ├── mongoose@4.2.5
147 silly idealTree:prePrune ├─┬ morgan@1.6.1
147 silly idealTree:prePrune │ └── depd@1.0.1
147 silly idealTree:prePrune ├── mpath@0.1.1
147 silly idealTree:prePrune ├── mpromise@0.5.4
147 silly idealTree:prePrune ├── mquery@1.6.3
147 silly idealTree:prePrune ├── ms@0.7.1
147 silly idealTree:prePrune ├── multiparty@4.1.2
147 silly idealTree:prePrune ├── muri@1.0.0
147 silly idealTree:prePrune ├── nan@1.7.0
147 silly idealTree:prePrune ├── negotiator@0.5.3
147 silly idealTree:prePrune ├── node-schedule@0.1.13
147 silly idealTree:prePrune ├── on-finished@2.3.0
147 silly idealTree:prePrune ├── on-headers@1.0.1
147 silly idealTree:prePrune ├── parseurl@1.3.0
147 silly idealTree:prePrune ├── path-to-regexp@0.1.7
147 silly idealTree:prePrune ├── pend@1.2.0
147 silly idealTree:prePrune ├── proxy-addr@1.0.8
147 silly idealTree:prePrune ├── qs@5.1.0
147 silly idealTree:prePrune ├── range-parser@1.0.3
147 silly idealTree:prePrune ├── raw-body@2.1.4
147 silly idealTree:prePrune ├── readable-stream@1.0.31
147 silly idealTree:prePrune ├── regexp-clone@0.0.1
147 silly idealTree:prePrune ├─┬ send@0.13.0
147 silly idealTree:prePrune │ └── depd@1.0.1
147 silly idealTree:prePrune ├── serve-static@1.10.0
147 silly idealTree:prePrune ├── sliced@0.0.5
147 silly idealTree:prePrune ├── statuses@1.2.1
147 silly idealTree:prePrune ├── string_decoder@0.10.31
147 silly idealTree:prePrune ├── type-is@1.6.9
147 silly idealTree:prePrune ├── unpipe@1.0.0
147 silly idealTree:prePrune ├── utils-merge@1.0.0
147 silly idealTree:prePrune └── vary@1.0.1
148 silly loadIdealTree Finishing
149 silly currentTree jdsm-ui-tab@0.0.1
149 silly currentTree ├── accepts@1.2.13
149 silly currentTree ├── array-flatten@1.1.1
149 silly currentTree ├── async@0.9.0
149 silly currentTree ├── basic-auth@1.0.3
149 silly currentTree ├── bluebird@2.9.26
149 silly currentTree ├── body-parser@1.14.1
149 silly currentTree ├── bson@0.4.19
149 silly currentTree ├── bytes@2.1.0
149 silly currentTree ├── content-disposition@0.5.0
149 silly currentTree ├── content-type@1.0.1
149 silly currentTree ├── cookie-signature@1.0.6
149 silly currentTree ├── cookie@0.1.3
149 silly currentTree ├── core-util-is@1.0.1
149 silly currentTree ├── debug@2.2.0
149 silly currentTree ├── depd@1.1.0
149 silly currentTree ├── destroy@1.0.3
149 silly currentTree ├── ee-first@1.1.1
149 silly currentTree ├── es6-promise@2.1.1
149 silly currentTree ├── escape-html@1.0.2
149 silly currentTree ├── etag@1.7.0
149 silly currentTree ├─┬ express@4.13.3
149 silly currentTree │ ├── depd@1.0.1
149 silly currentTree │ └── qs@4.0.0
149 silly currentTree ├── fd-slicer@1.0.1
149 silly currentTree ├── finalhandler@0.4.0
149 silly currentTree ├── formidable@1.0.17
149 silly currentTree ├── forwarded@0.1.0
149 silly currentTree ├── fresh@0.3.0
149 silly currentTree ├── hooks-fixed@1.1.0
149 silly currentTree ├── http-errors@1.3.1
149 silly currentTree ├── iconv-lite@0.4.12
149 silly currentTree ├── inherits@2.0.1
149 silly currentTree ├── ipaddr.js@1.0.1
149 silly currentTree ├── isarray@0.0.1
149 silly currentTree ├── kareem@1.0.1
149 silly currentTree ├── media-typer@0.3.0
149 silly currentTree ├── merge-descriptors@1.0.0
149 silly currentTree ├── methods@1.1.1
149 silly currentTree ├── mime-db@1.19.0
149 silly currentTree ├── mime-types@2.1.7
149 silly currentTree ├── mime@1.3.4
149 silly currentTree ├── mongodb-core@1.2.21
149 silly currentTree ├── mongodb@2.0.48
149 silly currentTree ├── mongoose-types@1.0.3
149 silly currentTree ├── mongoose@4.2.5
149 silly currentTree ├─┬ morgan@1.6.1
149 silly currentTree │ └── depd@1.0.1
149 silly currentTree ├── mpath@0.1.1
149 silly currentTree ├── mpromise@0.5.4
149 silly currentTree ├── mquery@1.6.3
149 silly currentTree ├── ms@0.7.1
149 silly currentTree ├── multiparty@4.1.2
149 silly currentTree ├── muri@1.0.0
149 silly currentTree ├── negotiator@0.5.3
149 silly currentTree ├── on-finished@2.3.0
149 silly currentTree ├── on-headers@1.0.1
149 silly currentTree ├── parseurl@1.3.0
149 silly currentTree ├── path-to-regexp@0.1.7
149 silly currentTree ├── pend@1.2.0
149 silly currentTree ├── proxy-addr@1.0.8
149 silly currentTree ├── qs@5.1.0
149 silly currentTree ├── range-parser@1.0.3
149 silly currentTree ├── raw-body@2.1.4
149 silly currentTree ├── readable-stream@1.0.31
149 silly currentTree ├── regexp-clone@0.0.1
149 silly currentTree ├─┬ send@0.13.0
149 silly currentTree │ └── depd@1.0.1
149 silly currentTree ├── serve-static@1.10.0
149 silly currentTree ├── sliced@0.0.5
149 silly currentTree ├── statuses@1.2.1
149 silly currentTree ├── string_decoder@0.10.31
149 silly currentTree ├── type-is@1.6.9
149 silly currentTree ├── unpipe@1.0.0
149 silly currentTree ├── utils-merge@1.0.0
149 silly currentTree └── vary@1.0.1
150 silly idealTree jdsm-ui-tab@0.0.1
150 silly idealTree ├── accepts@1.2.13
150 silly idealTree ├── array-flatten@1.1.1
150 silly idealTree ├── async@0.9.0
150 silly idealTree ├── basic-auth@1.0.3
150 silly idealTree ├── bluebird@2.9.26
150 silly idealTree ├── body-parser@1.14.1
150 silly idealTree ├── bson@0.4.19
150 silly idealTree ├── bytes@2.1.0
150 silly idealTree ├─┬ ccap@0.6.4
150 silly idealTree │ └── async@1.4.2
150 silly idealTree ├── content-disposition@0.5.0
150 silly idealTree ├── content-type@1.0.1
150 silly idealTree ├── cookie-signature@1.0.6
150 silly idealTree ├── cookie@0.1.3
150 silly idealTree ├── core-util-is@1.0.1
150 silly idealTree ├── debug@2.2.0
150 silly idealTree ├── depd@1.1.0
150 silly idealTree ├── destroy@1.0.3
150 silly idealTree ├── ee-first@1.1.1
150 silly idealTree ├── es6-promise@2.1.1
150 silly idealTree ├── escape-html@1.0.2
150 silly idealTree ├── etag@1.7.0
150 silly idealTree ├─┬ express@4.13.3
150 silly idealTree │ ├── depd@1.0.1
150 silly idealTree │ └── qs@4.0.0
150 silly idealTree ├── fd-slicer@1.0.1
150 silly idealTree ├── finalhandler@0.4.0
150 silly idealTree ├── formidable@1.0.17
150 silly idealTree ├── forwarded@0.1.0
150 silly idealTree ├── fresh@0.3.0
150 silly idealTree ├── hooks-fixed@1.1.0
150 silly idealTree ├── http-errors@1.3.1
150 silly idealTree ├── iconv-lite@0.4.12
150 silly idealTree ├── inherits@2.0.1
150 silly idealTree ├── ipaddr.js@1.0.1
150 silly idealTree ├── isarray@0.0.1
150 silly idealTree ├── kareem@1.0.1
150 silly idealTree ├── media-typer@0.3.0
150 silly idealTree ├── merge-descriptors@1.0.0
150 silly idealTree ├── methods@1.1.1
150 silly idealTree ├── mime-db@1.19.0
150 silly idealTree ├── mime-types@2.1.7
150 silly idealTree ├── mime@1.3.4
150 silly idealTree ├── mongodb-core@1.2.21
150 silly idealTree ├── mongodb@2.0.48
150 silly idealTree ├── mongoose-types@1.0.3
150 silly idealTree ├── mongoose@4.2.5
150 silly idealTree ├─┬ morgan@1.6.1
150 silly idealTree │ └── depd@1.0.1
150 silly idealTree ├── mpath@0.1.1
150 silly idealTree ├── mpromise@0.5.4
150 silly idealTree ├── mquery@1.6.3
150 silly idealTree ├── ms@0.7.1
150 silly idealTree ├── multiparty@4.1.2
150 silly idealTree ├── muri@1.0.0
150 silly idealTree ├── nan@1.7.0
150 silly idealTree ├── negotiator@0.5.3
150 silly idealTree ├── node-schedule@0.1.13
150 silly idealTree ├── on-finished@2.3.0
150 silly idealTree ├── on-headers@1.0.1
150 silly idealTree ├── parseurl@1.3.0
150 silly idealTree ├── path-to-regexp@0.1.7
150 silly idealTree ├── pend@1.2.0
150 silly idealTree ├── proxy-addr@1.0.8
150 silly idealTree ├── qs@5.1.0
150 silly idealTree ├── range-parser@1.0.3
150 silly idealTree ├── raw-body@2.1.4
150 silly idealTree ├── readable-stream@1.0.31
150 silly idealTree ├── regexp-clone@0.0.1
150 silly idealTree ├─┬ send@0.13.0
150 silly idealTree │ └── depd@1.0.1
150 silly idealTree ├── serve-static@1.10.0
150 silly idealTree ├── sliced@0.0.5
150 silly idealTree ├── statuses@1.2.1
150 silly idealTree ├── string_decoder@0.10.31
150 silly idealTree ├── type-is@1.6.9
150 silly idealTree ├── unpipe@1.0.0
150 silly idealTree ├── utils-merge@1.0.0
150 silly idealTree └── vary@1.0.1
151 silly generateActionsToTake Starting
152 silly install generateActionsToTake
153 silly generateActionsToTake Finishing
154 silly diffTrees action count 4
155 silly diffTrees add async@1.4.2
156 silly diffTrees add nan@1.7.0
157 silly diffTrees add node-schedule@0.1.13
158 silly diffTrees add ccap@0.6.4
159 silly decomposeActions action count 32
160 silly decomposeActions fetch async@1.4.2
161 silly decomposeActions extract async@1.4.2
162 silly decomposeActions preinstall async@1.4.2
163 silly decomposeActions build async@1.4.2
164 silly decomposeActions install async@1.4.2
165 silly decomposeActions postinstall async@1.4.2
166 silly decomposeActions test async@1.4.2
167 silly decomposeActions finalize async@1.4.2
168 silly decomposeActions fetch nan@1.7.0
169 silly decomposeActions extract nan@1.7.0
170 silly decomposeActions preinstall nan@1.7.0
171 silly decomposeActions build nan@1.7.0
172 silly decomposeActions install nan@1.7.0
173 silly decomposeActions postinstall nan@1.7.0
174 silly decomposeActions test nan@1.7.0
175 silly decomposeActions finalize nan@1.7.0
176 silly decomposeActions fetch node-schedule@0.1.13
177 silly decomposeActions extract node-schedule@0.1.13
178 silly decomposeActions preinstall node-schedule@0.1.13
179 silly decomposeActions build node-schedule@0.1.13
180 silly decomposeActions install node-schedule@0.1.13
181 silly decomposeActions postinstall node-schedule@0.1.13
182 silly decomposeActions test node-schedule@0.1.13
183 silly decomposeActions finalize node-schedule@0.1.13
184 silly decomposeActions fetch ccap@0.6.4
185 silly decomposeActions extract ccap@0.6.4
186 silly decomposeActions preinstall ccap@0.6.4
187 silly decomposeActions build ccap@0.6.4
188 silly decomposeActions install ccap@0.6.4
189 silly decomposeActions postinstall ccap@0.6.4
190 silly decomposeActions test ccap@0.6.4
191 silly decomposeActions finalize ccap@0.6.4
192 silly executeActions Starting
193 silly install executeActions
194 silly doSerial global-install 0
195 silly doParallel fetch 4
196 verbose lock using C:\Users\wilsonreis\AppData\Roaming\npm-cache\_locks\staging-a5fab32899836547.lock for C:\Users\wilsonreis\Desktop\stu-manager-ms\node_modules\.staging
197 silly doParallel extract 4
198 silly extract async
199 silly extract nan
200 silly extract node-schedule
201 silly extract ccap
202 verbose unbuild node_modules\.staging\nan-ca7cb289735bf173d14ec1b42870a972
203 verbose unbuild node_modules\.staging\async-c9b341c5644c8484910c275bf9d0db8d
204 verbose unbuild node_modules\.staging\node-schedule-0c0b973f062c7c1520c50a7b0fdcd5e8
205 verbose unbuild node_modules\.staging\ccap-dafe6b54c8d647c896699b1bc57de875
206 silly gentlyRm C:\Users\wilsonreis\Desktop\stu-manager-ms\node_modules\.staging\nan-ca7cb289735bf173d14ec1b42870a972 is being purged from base C:\Users\wilsonreis\Desktop\stu-manager-ms
207 silly gentlyRm C:\Users\wilsonreis\Desktop\stu-manager-ms\node_modules\.staging\async-c9b341c5644c8484910c275bf9d0db8d is being purged from base C:\Users\wilsonreis\Desktop\stu-manager-ms
208 silly gentlyRm C:\Users\wilsonreis\Desktop\stu-manager-ms\node_modules\.staging\node-schedule-0c0b973f062c7c1520c50a7b0fdcd5e8 is being purged from base C:\Users\wilsonreis\Desktop\stu-manager-ms
209 verbose gentlyRm don't care about contents; nuking C:\Users\wilsonreis\Desktop\stu-manager-ms\node_modules\.staging\nan-ca7cb289735bf173d14ec1b42870a972
210 verbose gentlyRm don't care about contents; nuking C:\Users\wilsonreis\Desktop\stu-manager-ms\node_modules\.staging\async-c9b341c5644c8484910c275bf9d0db8d
211 silly gentlyRm C:\Users\wilsonreis\Desktop\stu-manager-ms\node_modules\.staging\ccap-dafe6b54c8d647c896699b1bc57de875 is being purged from base C:\Users\wilsonreis\Desktop\stu-manager-ms
212 verbose gentlyRm don't care about contents; nuking C:\Users\wilsonreis\Desktop\stu-manager-ms\node_modules\.staging\node-schedule-0c0b973f062c7c1520c50a7b0fdcd5e8
213 verbose tar unpack C:\Users\wilsonreis\AppData\Roaming\npm-cache\nan\1.7.0\package.tgz
214 verbose tar unpacking to C:\Users\wilsonreis\Desktop\stu-manager-ms\node_modules\.staging\nan-ca7cb289735bf173d14ec1b42870a972
215 silly gentlyRm C:\Users\wilsonreis\Desktop\stu-manager-ms\node_modules\.staging\nan-ca7cb289735bf173d14ec1b42870a972 is being purged
216 verbose tar unpack C:\Users\wilsonreis\AppData\Roaming\npm-cache\async\1.4.2\package.tgz
217 verbose tar unpacking to C:\Users\wilsonreis\Desktop\stu-manager-ms\node_modules\.staging\async-c9b341c5644c8484910c275bf9d0db8d
218 silly gentlyRm C:\Users\wilsonreis\Desktop\stu-manager-ms\node_modules\.staging\async-c9b341c5644c8484910c275bf9d0db8d is being purged
219 verbose gentlyRm don't care about contents; nuking C:\Users\wilsonreis\Desktop\stu-manager-ms\node_modules\.staging\ccap-dafe6b54c8d647c896699b1bc57de875
220 verbose tar unpack C:\Users\wilsonreis\AppData\Roaming\npm-cache\node-schedule\0.1.13\package.tgz
221 verbose tar unpacking to C:\Users\wilsonreis\Desktop\stu-manager-ms\node_modules\.staging\node-schedule-0c0b973f062c7c1520c50a7b0fdcd5e8
222 silly gentlyRm C:\Users\wilsonreis\Desktop\stu-manager-ms\node_modules\.staging\node-schedule-0c0b973f062c7c1520c50a7b0fdcd5e8 is being purged
223 verbose gentlyRm don't care about contents; nuking C:\Users\wilsonreis\Desktop\stu-manager-ms\node_modules\.staging\nan-ca7cb289735bf173d14ec1b42870a972
224 verbose gentlyRm don't care about contents; nuking C:\Users\wilsonreis\Desktop\stu-manager-ms\node_modules\.staging\async-c9b341c5644c8484910c275bf9d0db8d
225 verbose tar unpack C:\Users\wilsonreis\AppData\Roaming\npm-cache\ccap\0.6.4\package.tgz
226 verbose tar unpacking to C:\Users\wilsonreis\Desktop\stu-manager-ms\node_modules\.staging\ccap-dafe6b54c8d647c896699b1bc57de875
227 silly gentlyRm C:\Users\wilsonreis\Desktop\stu-manager-ms\node_modules\.staging\ccap-dafe6b54c8d647c896699b1bc57de875 is being purged
228 verbose gentlyRm don't care about contents; nuking C:\Users\wilsonreis\Desktop\stu-manager-ms\node_modules\.staging\node-schedule-0c0b973f062c7c1520c50a7b0fdcd5e8
229 silly gunzTarPerm modes [ '777', '666' ]
230 silly gunzTarPerm modes [ '777', '666' ]
231 verbose gentlyRm don't care about contents; nuking C:\Users\wilsonreis\Desktop\stu-manager-ms\node_modules\.staging\ccap-dafe6b54c8d647c896699b1bc57de875
232 silly gunzTarPerm modes [ '777', '666' ]
233 silly gunzTarPerm modes [ '777', '666' ]
234 silly gunzTarPerm extractEntry package.json
235 silly gunzTarPerm modified mode [ 'package.json', 420, 438 ]
236 silly gunzTarPerm extractEntry package.json
237 silly gunzTarPerm modified mode [ 'package.json', 436, 438 ]
238 silly gunzTarPerm extractEntry package.json
239 silly gunzTarPerm modified mode [ 'package.json', 420, 438 ]
240 silly gunzTarPerm extractEntry package.json
241 silly gunzTarPerm extractEntry LICENSE
242 silly gunzTarPerm modified mode [ 'LICENSE', 420, 438 ]
243 silly gunzTarPerm extractEntry CHANGELOG.md
244 silly gunzTarPerm modified mode [ 'CHANGELOG.md', 420, 438 ]
245 silly gunzTarPerm extractEntry include_dirs.js
246 silly gunzTarPerm modified mode [ 'include_dirs.js', 436, 438 ]
247 silly gunzTarPerm extractEntry LICENSE.md
248 silly gunzTarPerm modified mode [ 'LICENSE.md', 436, 438 ]
249 silly gunzTarPerm extractEntry .npmignore
250 silly gunzTarPerm modified mode [ '.npmignore', 420, 438 ]
251 silly gunzTarPerm extractEntry README.md
252 silly gunzTarPerm modified mode [ 'README.md', 420, 438 ]
253 silly gunzTarPerm extractEntry .npmignore
254 silly gunzTarPerm extractEntry make.js
255 silly gunzTarPerm extractEntry lib/increment.js
256 silly gunzTarPerm modified mode [ 'lib/increment.js', 420, 438 ]
257 silly gunzTarPerm extractEntry lib/schedule.js
258 silly gunzTarPerm modified mode [ 'lib/schedule.js', 420, 438 ]
259 silly gunzTarPerm extractEntry index.js
260 silly gunzTarPerm extractEntry binding.gyp
261 silly gunzTarPerm extractEntry .dntrc
262 silly gunzTarPerm modified mode [ '.dntrc', 436, 438 ]
263 silly gunzTarPerm extractEntry appveyor.yml
264 silly gunzTarPerm modified mode [ 'appveyor.yml', 436, 438 ]
265 silly gunzTarPerm extractEntry lib/async.js
266 silly gunzTarPerm modified mode [ 'lib/async.js', 420, 438 ]
267 silly gunzTarPerm extractEntry nan.h
268 silly gunzTarPerm modified mode [ 'nan.h', 436, 438 ]
269 silly gunzTarPerm extractEntry nan_implementation_12_inl.h
270 silly gunzTarPerm modified mode [ 'nan_implementation_12_inl.h', 436, 438 ]
271 silly gunzTarPerm extractEntry nan_implementation_pre_12_inl.h
272 silly gunzTarPerm modified mode [ 'nan_implementation_pre_12_inl.h', 436, 438 ]
273 silly gunzTarPerm extractEntry nan_new.h
274 silly gunzTarPerm modified mode [ 'nan_new.h', 436, 438 ]
275 silly gunzTarPerm extractEntry nan_string_bytes.h
276 silly gunzTarPerm modified mode [ 'nan_string_bytes.h', 436, 438 ]
277 silly gunzTarPerm extractEntry CHANGELOG.md
278 silly gunzTarPerm modified mode [ 'CHANGELOG.md', 436, 438 ]
279 silly gunzTarPerm extractEntry example/custom_get.js
280 silly gunzTarPerm extractEntry example/custom_get2.js
281 silly gunzTarPerm extractEntry test/convenience-method-test.js
282 silly gunzTarPerm modified mode [ 'test/convenience-method-test.js', 420, 438 ]
283 silly gunzTarPerm extractEntry test/date-convenience-methods-test.js
284 silly gunzTarPerm modified mode [ 'test/date-convenience-methods-test.js', 420, 438 ]
285 silly gunzTarPerm extractEntry test/job-test.js
286 silly gunzTarPerm modified mode [ 'test/job-test.js', 420, 438 ]
287 silly gunzTarPerm extractEntry example/default_get.js
288 silly gunzTarPerm extractEntry example/web_example.js
289 silly gunzTarPerm extractEntry test/range-test.js
290 silly gunzTarPerm modified mode [ 'test/range-test.js', 420, 438 ]
291 silly gunzTarPerm extractEntry test/recurrence-rule-test.js
292 silly gunzTarPerm modified mode [ 'test/recurrence-rule-test.js', 420, 438 ]
293 silly gunzTarPerm extractEntry .travis.yml
294 silly gunzTarPerm extractEntry lib/dir.js
295 silly gunzTarPerm extractEntry lib/gen.js
296 silly gunzTarPerm extractEntry lib/hcap.js
297 silly gunzTarPerm extractEntry lib/timer.js
298 silly gunzTarPerm extractEntry benchmark/generate.js
299 silly gunzTarPerm extractEntry addon/cap.cc
300 silly gunzTarPerm extractEntry addon/cap.h
301 silly gunzTarPerm extractEntry addon/hcaptha.cc
302 silly gunzTarPerm extractEntry addon/jpeglib/jddctmgr.c
303 silly gunzTarPerm extractEntry addon/jpeglib/CImg.h
304 silly gunzTarPerm extractEntry addon/jpeglib/Licence_CeCILL_V2-en.txt
305 silly gunzTarPerm extractEntry addon/jpeglib/README.txt
306 silly gunzTarPerm extractEntry addon/jpeglib/cderror.h
307 silly gunzTarPerm extractEntry addon/jpeglib/cdjpeg.h
308 silly gunzTarPerm extractEntry addon/jpeglib/jaricom.c
309 silly gunzTarPerm extractEntry addon/jpeglib/jcapimin.c
310 silly gunzTarPerm extractEntry addon/jpeglib/jcapistd.c
311 silly gunzTarPerm extractEntry addon/jpeglib/jcarith.c
312 silly gunzTarPerm extractEntry addon/jpeglib/jccoefct.c
313 silly gunzTarPerm extractEntry addon/jpeglib/jccolor.c
314 silly gunzTarPerm extractEntry addon/jpeglib/jcdctmgr.c
315 silly gunzTarPerm extractEntry addon/jpeglib/jchuff.c
316 silly gunzTarPerm extractEntry addon/jpeglib/jcinit.c
317 silly gunzTarPerm extractEntry addon/jpeglib/jcmainct.c
318 silly gunzTarPerm extractEntry addon/jpeglib/jcmarker.c
319 silly gunzTarPerm extractEntry addon/jpeglib/jcmaster.c
320 silly gunzTarPerm extractEntry addon/jpeglib/jcomapi.c
321 silly gunzTarPerm extractEntry addon/jpeglib/jconfig.h
322 silly gunzTarPerm extractEntry addon/jpeglib/jcparam.c
323 silly gunzTarPerm extractEntry addon/jpeglib/jcprepct.c
324 silly gunzTarPerm extractEntry addon/jpeglib/jcsample.c
325 silly gunzTarPerm extractEntry addon/jpeglib/jctrans.c
326 silly gunzTarPerm extractEntry addon/jpeglib/jdapimin.c
327 silly gunzTarPerm extractEntry addon/jpeglib/jdapistd.c
328 silly gunzTarPerm extractEntry addon/jpeglib/jdarith.c
329 silly gunzTarPerm extractEntry addon/jpeglib/jdatadst.c
330 silly gunzTarPerm extractEntry addon/jpeglib/jdatasrc.c
331 silly gunzTarPerm extractEntry addon/jpeglib/jdcoefct.c
332 silly gunzTarPerm extractEntry addon/jpeglib/jdcolor.c
333 silly gunzTarPerm extractEntry addon/jpeglib/jdct.h
334 silly gunzTarPerm extractEntry addon/jpeglib/Licence_CeCILL-C_V1-en.txt
335 silly gunzTarPerm extractEntry addon/jpeglib/jdhuff.c
336 silly gunzTarPerm extractEntry addon/jpeglib/jdinput.c
337 silly gunzTarPerm extractEntry addon/jpeglib/jdmainct.c
338 silly gunzTarPerm extractEntry addon/jpeglib/jdmarker.c
339 silly gunzTarPerm extractEntry addon/jpeglib/jdmaster.c
340 silly gunzTarPerm extractEntry addon/jpeglib/jdmerge.c
341 silly gunzTarPerm extractEntry addon/jpeglib/jdpostct.c
342 silly gunzTarPerm extractEntry addon/jpeglib/jdsample.c
343 silly gunzTarPerm extractEntry addon/jpeglib/jdtrans.c
344 silly gunzTarPerm extractEntry addon/jpeglib/jerror.c
345 silly gunzTarPerm extractEntry addon/jpeglib/jerror.h
346 silly gunzTarPerm extractEntry addon/jpeglib/jfdctflt.c
347 silly gunzTarPerm extractEntry addon/jpeglib/jfdctfst.c
348 silly gunzTarPerm extractEntry addon/jpeglib/jfdctint.c
349 silly gunzTarPerm extractEntry addon/jpeglib/jidctflt.c
350 silly gunzTarPerm extractEntry addon/jpeglib/jidctfst.c
351 silly gunzTarPerm extractEntry addon/jpeglib/jidctint.c
352 silly gunzTarPerm extractEntry addon/jpeglib/jinclude.h
353 silly gunzTarPerm extractEntry addon/jpeglib/jmemmgr.c
354 silly gunzTarPerm extractEntry addon/jpeglib/jmemnobs.c
355 silly gunzTarPerm extractEntry addon/jpeglib/jmemsys.h
356 silly gunzTarPerm extractEntry addon/jpeglib/jmorecfg.h
357 silly gunzTarPerm extractEntry addon/jpeglib/jpegint.h
358 silly gunzTarPerm extractEntry addon/jpeglib/jpeglib.h
359 silly gunzTarPerm extractEntry addon/jpeglib/jquant1.c
360 silly gunzTarPerm extractEntry addon/jpeglib/jquant2.c
361 silly gunzTarPerm extractEntry addon/jpeglib/jutils.c
362 silly gunzTarPerm extractEntry addon/jpeglib/jversion.h
363 silly gunzTarPerm extractEntry addon/jpeglib/libjpeg.so
364 silly gunzTarPerm extractEntry addon/jpeglib/plugins/jpeg_buffer.h
365 silly gunzTarPerm extractEntry addon/jpeglib/plugins/add_fileformat.h
366 silly gunzTarPerm extractEntry addon/jpeglib/plugins/cimg_ipl.h
367 silly gunzTarPerm extractEntry addon/jpeglib/plugins/cimgmatlab.h
368 silly gunzTarPerm extractEntry addon/jpeglib/plugins/draw_gradient.h
369 silly gunzTarPerm extractEntry addon/jpeglib/plugins/cimgIPL.h
370 silly gunzTarPerm extractEntry addon/jpeglib/plugins/loop_macros.h
371 silly gunzTarPerm extractEntry addon/jpeglib/plugins/nlmeans.h
372 silly gunzTarPerm extractEntry addon/jpeglib/plugins/skeleton.h
373 silly gunzTarPerm extractEntry addon/jpeglib/plugins/vrml.h
374 silly gunzTarPerm extractEntry addon/jpeglib/plugins/vtk.h
375 silly gunzTarPerm extractEntry addon/jpeglib/resources/compile_win_icl.bat
376 silly gunzTarPerm extractEntry addon/jpeglib/resources/compile_win_visualcpp.bat
377 silly gunzTarPerm extractEntry addon/jpeglib/transupp.h
378 silly gunzTarPerm extractEntry addon/libjpeg.dll
379 silly gunzTarPerm extractEntry readme.md
380 silly gunzTarPerm extractEntry test/main_test.js
381 silly doParallel preinstall 4
382 silly preinstall async C:\Users\wilsonreis\Desktop\stu-manager-ms\node_modules\.staging\async-c9b341c5644c8484910c275bf9d0db8d
383 info lifecycle async@1.4.2~preinstall: async@1.4.2
384 silly preinstall nan C:\Users\wilsonreis\Desktop\stu-manager-ms\node_modules\.staging\nan-ca7cb289735bf173d14ec1b42870a972
385 info lifecycle nan@1.7.0~preinstall: nan@1.7.0
386 silly preinstall node-schedule C:\Users\wilsonreis\Desktop\stu-manager-ms\node_modules\.staging\node-schedule-0c0b973f062c7c1520c50a7b0fdcd5e8
387 info lifecycle node-schedule@0.1.13~preinstall: node-schedule@0.1.13
388 silly preinstall ccap C:\Users\wilsonreis\Desktop\stu-manager-ms\node_modules\.staging\ccap-dafe6b54c8d647c896699b1bc57de875
389 info lifecycle ccap@0.6.4~preinstall: ccap@0.6.4
390 silly lifecycle async@1.4.2~preinstall: no script for preinstall, continuing
391 silly lifecycle nan@1.7.0~preinstall: no script for preinstall, continuing
392 silly lifecycle node-schedule@0.1.13~preinstall: no script for preinstall, continuing
393 verbose lifecycle ccap@0.6.4~preinstall: unsafe-perm in lifecycle true
394 verbose lifecycle ccap@0.6.4~preinstall: PATH: C:\Program Files\nodejs\node_modules\npm\bin\node-gyp-bin;C:\Users\wilsonreis\Desktop\stu-manager-ms\node_modules\.staging\ccap-dafe6b54c8d647c896699b1bc57de875\node_modules\.bin;C:\Users\wilsonreis\Desktop\stu-manager-ms\node_modules\.bin;C:\ProgramData\Oracle\Java\javapath;C:\Windows\system32;C:\Windows;C:\Windows\System32\Wbem;C:\Windows\System32\WindowsPowerShell\v1.0\;C:\Program Files\nodejs\;C:\Program Files\PostgreSQL\9.5\bin;C:\Program Files\Git\bin;C:\Python27;C:\Ruby22-x64\bin;C:\Users\wilsonreis\AppData\Roaming\npm
395 verbose lifecycle ccap@0.6.4~preinstall: CWD: C:\Users\wilsonreis\Desktop\stu-manager-ms\node_modules\.staging\ccap-dafe6b54c8d647c896699b1bc57de875
396 silly lifecycle ccap@0.6.4~preinstall: Args: [ '/d /s /c', 'node make.js' ]
397 silly lifecycle ccap@0.6.4~preinstall: Returned: code: 0  signal: null
398 silly doReverseSerial remove 0
399 silly doSerial move 0
400 silly doSerial finalize 4
401 silly finalize C:\Users\wilsonreis\Desktop\stu-manager-ms\node_modules\ccap\node_modules\async
402 silly finalize C:\Users\wilsonreis\Desktop\stu-manager-ms\node_modules\nan
403 silly finalize C:\Users\wilsonreis\Desktop\stu-manager-ms\node_modules\node-schedule
404 silly finalize C:\Users\wilsonreis\Desktop\stu-manager-ms\node_modules\ccap
405 silly doSerial build 4
406 silly build async
407 info linkStuff async@1.4.2
408 silly linkStuff async@1.4.2 has C:\Users\wilsonreis\Desktop\stu-manager-ms\node_modules\ccap\node_modules as its parent node_modules
409 verbose linkBins async@1.4.2
410 verbose linkMans async@1.4.2
411 verbose rebuildBundles async@1.4.2
412 silly build nan
413 info linkStuff nan@1.7.0
414 silly linkStuff nan@1.7.0 has C:\Users\wilsonreis\Desktop\stu-manager-ms\node_modules as its parent node_modules
415 verbose linkBins nan@1.7.0
416 verbose linkMans nan@1.7.0
417 verbose rebuildBundles nan@1.7.0
418 silly build node-schedule
419 info linkStuff node-schedule@0.1.13
420 silly linkStuff node-schedule@0.1.13 has C:\Users\wilsonreis\Desktop\stu-manager-ms\node_modules as its parent node_modules
421 verbose linkBins node-schedule@0.1.13
422 verbose linkMans node-schedule@0.1.13
423 verbose rebuildBundles node-schedule@0.1.13
424 silly build ccap
425 info linkStuff ccap@0.6.4
426 silly linkStuff ccap@0.6.4 has C:\Users\wilsonreis\Desktop\stu-manager-ms\node_modules as its parent node_modules
427 verbose linkBins ccap@0.6.4
428 verbose linkMans ccap@0.6.4
429 verbose rebuildBundles ccap@0.6.4
430 verbose rebuildBundles [ 'async' ]
431 silly doSerial global-link 0
432 silly doParallel update-linked 0
433 silly doSerial install 4
434 silly install async C:\Users\wilsonreis\Desktop\stu-manager-ms\node_modules\.staging\async-c9b341c5644c8484910c275bf9d0db8d
435 info lifecycle async@1.4.2~install: async@1.4.2
436 silly lifecycle async@1.4.2~install: no script for install, continuing
437 silly install nan C:\Users\wilsonreis\Desktop\stu-manager-ms\node_modules\.staging\nan-ca7cb289735bf173d14ec1b42870a972
438 info lifecycle nan@1.7.0~install: nan@1.7.0
439 silly lifecycle nan@1.7.0~install: no script for install, continuing
440 silly install node-schedule C:\Users\wilsonreis\Desktop\stu-manager-ms\node_modules\.staging\node-schedule-0c0b973f062c7c1520c50a7b0fdcd5e8
441 info lifecycle node-schedule@0.1.13~install: node-schedule@0.1.13
442 silly lifecycle node-schedule@0.1.13~install: no script for install, continuing
443 silly install ccap C:\Users\wilsonreis\Desktop\stu-manager-ms\node_modules\.staging\ccap-dafe6b54c8d647c896699b1bc57de875
444 info lifecycle ccap@0.6.4~install: ccap@0.6.4
445 verbose lifecycle ccap@0.6.4~install: unsafe-perm in lifecycle true
446 verbose lifecycle ccap@0.6.4~install: PATH: C:\Program Files\nodejs\node_modules\npm\bin\node-gyp-bin;C:\Users\wilsonreis\Desktop\stu-manager-ms\node_modules\ccap\node_modules\.bin;C:\Users\wilsonreis\Desktop\stu-manager-ms\node_modules\.bin;C:\ProgramData\Oracle\Java\javapath;C:\Windows\system32;C:\Windows;C:\Windows\System32\Wbem;C:\Windows\System32\WindowsPowerShell\v1.0\;C:\Program Files\nodejs\;C:\Program Files\PostgreSQL\9.5\bin;C:\Program Files\Git\bin;C:\Python27;C:\Ruby22-x64\bin;C:\Users\wilsonreis\AppData\Roaming\npm
447 verbose lifecycle ccap@0.6.4~install: CWD: C:\Users\wilsonreis\Desktop\stu-manager-ms\node_modules\ccap
448 silly lifecycle ccap@0.6.4~install: Args: [ '/d /s /c', 'node-gyp rebuild' ]
449 silly lifecycle ccap@0.6.4~install: Returned: code: 1  signal: null
450 info lifecycle ccap@0.6.4~install: Failed to exec install script
451 verbose unlock done using C:\Users\wilsonreis\AppData\Roaming\npm-cache\_locks\staging-a5fab32899836547.lock for C:\Users\wilsonreis\Desktop\stu-manager-ms\node_modules\.staging
452 silly rollbackFailedOptional Starting
453 silly rollbackFailedOptional Finishing
454 silly runTopLevelLifecycles Starting
455 silly runTopLevelLifecycles Finishing
456 silly install printInstalled
457 warn EPEERINVALID mongodb-core@1.2.21 requires a peer of kerberos@~0.0 but none was installed.
458 verbose stack Error: ccap@0.6.4 install: `node-gyp rebuild`
458 verbose stack Exit status 1
458 verbose stack     at EventEmitter.<anonymous> (C:\Program Files\nodejs\node_modules\npm\lib\utils\lifecycle.js:233:16)
458 verbose stack     at emitTwo (events.js:87:13)
458 verbose stack     at EventEmitter.emit (events.js:172:7)
458 verbose stack     at ChildProcess.<anonymous> (C:\Program Files\nodejs\node_modules\npm\lib\utils\spawn.js:24:14)
458 verbose stack     at emitTwo (events.js:87:13)
458 verbose stack     at ChildProcess.emit (events.js:172:7)
458 verbose stack     at maybeClose (internal/child_process.js:818:16)
458 verbose stack     at Process.ChildProcess._handle.onexit (internal/child_process.js:211:5)
459 verbose pkgid ccap@0.6.4
460 verbose cwd C:\Users\wilsonreis\Desktop\stu-manager-ms
461 error Windows_NT 10.0.10240
462 error argv "C:\\Program Files\\nodejs\\node.exe" "C:\\Program Files\\nodejs\\node_modules\\npm\\bin\\npm-cli.js" "install" "ccap"
463 error node v5.0.0
464 error npm  v3.3.6
465 error code ELIFECYCLE
466 error ccap@0.6.4 install: `node-gyp rebuild`
466 error Exit status 1
467 error Failed at the ccap@0.6.4 install script 'node-gyp rebuild'.
467 error This is most likely a problem with the ccap package,
467 error not with npm itself.
467 error Tell the author that this fails on your system:
467 error     node-gyp rebuild
467 error You can get their info via:
467 error     npm owner ls ccap
467 error There is likely additional logging output above.
468 verbose exit [ 1, true ]
